2023-12-07 22:23:12.863 [main] INFO  com.elibrary.elibrary.ELibLogger - Starting program
2023-12-07 22:23:29.302 [main] INFO  com.elibrary.elibrary.ELibLogger - Starting program
2023-12-07 22:23:33.984 [JavaFX Application Thread] INFO  com.elibrary.elibrary.ELibLogger - Closing program
2023-12-07 22:35:59.571 [main] INFO  com.elibrary.elibrary.ELibLogger - Starting program
2023-12-07 22:36:04.738 [JavaFX Application Thread] INFO  com.elibrary.elibrary.ELibLogger - Closing program
2023-12-07 22:39:26.784 [main] INFO  com.elibrary.elibrary.ELibLogger - Starting program
2023-12-07 22:39:33.124 [JavaFX Application Thread] INFO  com.elibrary.elibrary.ELibLogger - Closing program
2023-12-09 12:06:54.940 [main] INFO  com.elibrary.elibrary.ELibLogger - Starting program
2023-12-09 12:08:37.012 [main] INFO  com.elibrary.elibrary.ELibLogger - Starting program
2023-12-09 12:09:41.191 [main] INFO  com.elibrary.elibrary.ELibLogger - Starting program
2023-12-09 12:10:22.533 [JavaFX Application Thread] DEBUG com.elibrary.elibrary.ELibLogger - Added the path to the input file: C:\Users\fyodo\IdeaProjects\CoursePaper\src\InputFiles\AuthorTest_3
2023-12-09 12:10:22.534 [JavaFX Application Thread] INFO  com.elibrary.elibrary.ELibLogger - Starting to parse the file: C:\Users\fyodo\IdeaProjects\CoursePaper\src\InputFiles\AuthorTest_3
2023-12-09 12:10:22.973 [JavaFX Application Thread] DEBUG org.apache.poi.openxml4j.opc.ZipPackage - Save core properties part
2023-12-09 12:10:22.973 [JavaFX Application Thread] DEBUG org.apache.poi.openxml4j.opc.ZipPackage - Save content types part
2023-12-09 12:10:23.057 [JavaFX Application Thread] DEBUG org.apache.poi.openxml4j.opc.ZipPackage - Save package relationships
2023-12-09 12:10:23.062 [JavaFX Application Thread] DEBUG org.apache.poi.openxml4j.opc.ZipPackage - Save part 'docProps/app.xml'
2023-12-09 12:10:23.064 [JavaFX Application Thread] DEBUG org.apache.poi.openxml4j.opc.ZipPackage - Save part 'docProps/core.xml'
2023-12-09 12:10:23.074 [JavaFX Application Thread] DEBUG org.apache.poi.openxml4j.opc.ZipPackage - Save part 'word/document.xml'
2023-12-09 12:10:23.076 [JavaFX Application Thread] DEBUG org.apache.poi.openxml4j.opc.ZipPackage - Save part 'word/settings.xml'
2023-12-09 12:10:23.078 [JavaFX Application Thread] INFO  com.elibrary.elibrary.ELibLogger - The file was successfully written: C:\Users\fyodo\OneDrive\Документы\Test.docx
2023-12-09 16:19:27.383 [JavaFX Application Thread] INFO  com.elibrary.elibrary.ELibLogger - Closing program
2023-12-09 21:49:15.304 [main] INFO  com.elibrary.elibrary.ELibLogger - Starting program
2023-12-09 21:49:31.836 [JavaFX Application Thread] DEBUG com.elibrary.elibrary.ELibLogger - Added the path to the input file: C:\Users\fyodo\IdeaProjects\CoursePaper\src\InputFiles\Krasov
2023-12-09 21:49:31.836 [JavaFX Application Thread] INFO  com.elibrary.elibrary.ELibLogger - Starting to parse the file: C:\Users\fyodo\IdeaProjects\CoursePaper\src\InputFiles\Krasov
2023-12-09 21:49:32.347 [JavaFX Application Thread] DEBUG org.apache.poi.openxml4j.opc.ZipPackage - Save core properties part
2023-12-09 21:49:32.348 [JavaFX Application Thread] DEBUG org.apache.poi.openxml4j.opc.ZipPackage - Save content types part
2023-12-09 21:49:32.436 [JavaFX Application Thread] DEBUG org.apache.poi.openxml4j.opc.ZipPackage - Save package relationships
2023-12-09 21:49:32.440 [JavaFX Application Thread] DEBUG org.apache.poi.openxml4j.opc.ZipPackage - Save part 'docProps/app.xml'
2023-12-09 21:49:32.443 [JavaFX Application Thread] DEBUG org.apache.poi.openxml4j.opc.ZipPackage - Save part 'docProps/core.xml'
2023-12-09 21:49:32.450 [JavaFX Application Thread] DEBUG org.apache.poi.openxml4j.opc.ZipPackage - Save part 'word/document.xml'
2023-12-09 21:49:32.453 [JavaFX Application Thread] DEBUG org.apache.poi.openxml4j.opc.ZipPackage - Save part 'word/settings.xml'
2023-12-09 21:49:32.454 [JavaFX Application Thread] INFO  com.elibrary.elibrary.ELibLogger - The file was successfully written: C:\Users\fyodo\OneDrive\Документы\Test.docx
2023-12-09 21:50:46.987 [JavaFX Application Thread] INFO  com.elibrary.elibrary.ELibLogger - Closing program
2023-12-09 21:51:47.584 [main] INFO  com.elibrary.elibrary.ELibLogger - Starting program
2023-12-09 21:51:58.462 [JavaFX Application Thread] DEBUG com.elibrary.elibrary.ELibLogger - Added the path to the input file: C:\Users\fyodo\IdeaProjects\CoursePaper\src\InputFiles\Krasov
2023-12-09 21:51:58.462 [JavaFX Application Thread] INFO  com.elibrary.elibrary.ELibLogger - Starting to parse the file: C:\Users\fyodo\IdeaProjects\CoursePaper\src\InputFiles\Krasov
2023-12-09 21:51:58.890 [JavaFX Application Thread] ERROR com.elibrary.elibrary.ELibLogger - The file could not be written C:\Users\fyodo\OneDrive\Документы\Test.docx (Процесс не может получить доступ к файлу, так как этот файл занят другим процессом)
2023-12-09 21:52:15.120 [JavaFX Application Thread] DEBUG com.elibrary.elibrary.ELibLogger - Added the path to the input file: C:\Users\fyodo\IdeaProjects\CoursePaper\src\InputFiles\Krasov
2023-12-09 21:52:15.120 [JavaFX Application Thread] INFO  com.elibrary.elibrary.ELibLogger - Starting to parse the file: C:\Users\fyodo\IdeaProjects\CoursePaper\src\InputFiles\Krasov
2023-12-09 21:52:15.206 [JavaFX Application Thread] DEBUG org.apache.poi.openxml4j.opc.ZipPackage - Save core properties part
2023-12-09 21:52:15.206 [JavaFX Application Thread] DEBUG org.apache.poi.openxml4j.opc.ZipPackage - Save content types part
2023-12-09 21:52:15.269 [JavaFX Application Thread] DEBUG org.apache.poi.openxml4j.opc.ZipPackage - Save package relationships
2023-12-09 21:52:15.272 [JavaFX Application Thread] DEBUG org.apache.poi.openxml4j.opc.ZipPackage - Save part 'docProps/app.xml'
2023-12-09 21:52:15.274 [JavaFX Application Thread] DEBUG org.apache.poi.openxml4j.opc.ZipPackage - Save part 'docProps/core.xml'
2023-12-09 21:52:15.281 [JavaFX Application Thread] DEBUG org.apache.poi.openxml4j.opc.ZipPackage - Save part 'word/document.xml'
2023-12-09 21:52:15.284 [JavaFX Application Thread] DEBUG org.apache.poi.openxml4j.opc.ZipPackage - Save part 'word/settings.xml'
2023-12-09 21:52:15.285 [JavaFX Application Thread] INFO  com.elibrary.elibrary.ELibLogger - The file was successfully written: C:\Users\fyodo\OneDrive\Документы\Test.docx
2023-12-09 21:52:42.276 [JavaFX Application Thread] INFO  com.elibrary.elibrary.ELibLogger - Closing program
2023-12-09 21:53:25.359 [main] INFO  com.elibrary.elibrary.ELibLogger - Starting program
2023-12-09 21:53:26.705 [JavaFX Application Thread] INFO  com.elibrary.elibrary.ELibLogger - Closing program
2023-12-09 21:53:35.493 [main] INFO  com.elibrary.elibrary.ELibLogger - Starting program
2023-12-09 21:53:50.987 [JavaFX Application Thread] DEBUG com.elibrary.elibrary.ELibLogger - Added the path to the input file: C:\Users\fyodo\IdeaProjects\CoursePaper\src\InputFiles\Krasov
2023-12-09 21:53:50.988 [JavaFX Application Thread] INFO  com.elibrary.elibrary.ELibLogger - Starting to parse the file: C:\Users\fyodo\IdeaProjects\CoursePaper\src\InputFiles\Krasov
2023-12-09 21:56:20.457 [main] INFO  com.elibrary.elibrary.ELibLogger - Starting program
2023-12-09 21:56:22.352 [JavaFX Application Thread] INFO  com.elibrary.elibrary.ELibLogger - Closing program
2023-12-09 21:56:24.950 [main] INFO  com.elibrary.elibrary.ELibLogger - Starting program
2023-12-09 21:56:39.050 [JavaFX Application Thread] DEBUG com.elibrary.elibrary.ELibLogger - Added the path to the input file: C:\Users\fyodo\IdeaProjects\CoursePaper\src\InputFiles\Krasov
2023-12-09 21:56:39.051 [JavaFX Application Thread] INFO  com.elibrary.elibrary.ELibLogger - Starting to parse the file: C:\Users\fyodo\IdeaProjects\CoursePaper\src\InputFiles\Krasov
2023-12-09 21:57:38.893 [JavaFX Application Thread] DEBUG org.apache.poi.openxml4j.opc.ZipPackage - Save core properties part
2023-12-09 21:57:38.894 [JavaFX Application Thread] DEBUG org.apache.poi.openxml4j.opc.ZipPackage - Save content types part
2023-12-09 21:57:38.998 [JavaFX Application Thread] DEBUG org.apache.poi.openxml4j.opc.ZipPackage - Save package relationships
2023-12-09 21:57:39.004 [JavaFX Application Thread] DEBUG org.apache.poi.openxml4j.opc.ZipPackage - Save part 'docProps/app.xml'
2023-12-09 21:57:39.009 [JavaFX Application Thread] DEBUG org.apache.poi.openxml4j.opc.ZipPackage - Save part 'docProps/core.xml'
2023-12-09 21:57:39.019 [JavaFX Application Thread] DEBUG org.apache.poi.openxml4j.opc.ZipPackage - Save part 'word/document.xml'
2023-12-09 21:57:39.023 [JavaFX Application Thread] DEBUG org.apache.poi.openxml4j.opc.ZipPackage - Save part 'word/settings.xml'
2023-12-09 21:57:39.025 [JavaFX Application Thread] INFO  com.elibrary.elibrary.ELibLogger - The file was successfully written: C:\Users\fyodo\OneDrive\Документы\Test.docx
2023-12-09 21:57:41.536 [JavaFX Application Thread] INFO  com.elibrary.elibrary.ELibLogger - Closing program
2023-12-09 21:59:56.242 [main] INFO  com.elibrary.elibrary.ELibLogger - Starting program
2023-12-09 21:59:57.616 [JavaFX Application Thread] INFO  com.elibrary.elibrary.ELibLogger - Closing program
2023-12-09 22:00:00.073 [main] INFO  com.elibrary.elibrary.ELibLogger - Starting program
2023-12-09 22:00:14.958 [JavaFX Application Thread] DEBUG com.elibrary.elibrary.ELibLogger - Added the path to the input file: C:\Users\fyodo\IdeaProjects\CoursePaper\src\InputFiles\Krasov
2023-12-09 22:00:14.958 [JavaFX Application Thread] INFO  com.elibrary.elibrary.ELibLogger - Starting to parse the file: C:\Users\fyodo\IdeaProjects\CoursePaper\src\InputFiles\Krasov
2023-12-09 22:01:11.204 [JavaFX Application Thread] DEBUG org.apache.poi.openxml4j.opc.ZipPackage - Save core properties part
2023-12-09 22:01:11.205 [JavaFX Application Thread] DEBUG org.apache.poi.openxml4j.opc.ZipPackage - Save content types part
2023-12-09 22:01:11.294 [JavaFX Application Thread] DEBUG org.apache.poi.openxml4j.opc.ZipPackage - Save package relationships
2023-12-09 22:01:11.299 [JavaFX Application Thread] DEBUG org.apache.poi.openxml4j.opc.ZipPackage - Save part 'docProps/app.xml'
2023-12-09 22:01:11.302 [JavaFX Application Thread] DEBUG org.apache.poi.openxml4j.opc.ZipPackage - Save part 'docProps/core.xml'
2023-12-09 22:01:11.312 [JavaFX Application Thread] DEBUG org.apache.poi.openxml4j.opc.ZipPackage - Save part 'word/document.xml'
2023-12-09 22:01:11.317 [JavaFX Application Thread] DEBUG org.apache.poi.openxml4j.opc.ZipPackage - Save part 'word/settings.xml'
2023-12-09 22:01:11.319 [JavaFX Application Thread] INFO  com.elibrary.elibrary.ELibLogger - The file was successfully written: C:\Users\fyodo\OneDrive\Документы\Test.docx
2023-12-09 22:01:58.016 [main] INFO  com.elibrary.elibrary.ELibLogger - Starting program
2023-12-09 22:02:15.873 [JavaFX Application Thread] DEBUG com.elibrary.elibrary.ELibLogger - Added the path to the input file: C:\Users\fyodo\IdeaProjects\CoursePaper\src\InputFiles\Krasov
2023-12-09 22:02:15.873 [JavaFX Application Thread] INFO  com.elibrary.elibrary.ELibLogger - Starting to parse the file: C:\Users\fyodo\IdeaProjects\CoursePaper\src\InputFiles\Krasov
2023-12-09 22:02:16.353 [JavaFX Application Thread] DEBUG org.apache.poi.openxml4j.opc.ZipPackage - Save core properties part
2023-12-09 22:02:16.353 [JavaFX Application Thread] DEBUG org.apache.poi.openxml4j.opc.ZipPackage - Save content types part
2023-12-09 22:02:16.421 [JavaFX Application Thread] DEBUG org.apache.poi.openxml4j.opc.ZipPackage - Save package relationships
2023-12-09 22:02:16.425 [JavaFX Application Thread] DEBUG org.apache.poi.openxml4j.opc.ZipPackage - Save part 'docProps/app.xml'
2023-12-09 22:02:16.427 [JavaFX Application Thread] DEBUG org.apache.poi.openxml4j.opc.ZipPackage - Save part 'docProps/core.xml'
2023-12-09 22:02:16.436 [JavaFX Application Thread] DEBUG org.apache.poi.openxml4j.opc.ZipPackage - Save part 'word/document.xml'
2023-12-09 22:02:16.440 [JavaFX Application Thread] DEBUG org.apache.poi.openxml4j.opc.ZipPackage - Save part 'word/settings.xml'
2023-12-09 22:02:16.441 [JavaFX Application Thread] INFO  com.elibrary.elibrary.ELibLogger - The file was successfully written: C:\Users\fyodo\OneDrive\Документы\Test.docx
2023-12-09 22:02:37.274 [JavaFX Application Thread] INFO  com.elibrary.elibrary.ELibLogger - Closing program
